<?xml version="1.0" encoding="UTF-8"?>
<!-- Generated by org.testng.reporters.JUnitReportReporter -->
<testsuite hostname="LAPTOP-T8V1FV5L" name="listeners.TestISuiteListener" tests="1" failures="0" timestamp="20 Mar 2021 09:36:39 GMT" time="0.014" errors="0">
  <testcase name="test1" time="0.014" classname="listeners.TestISuiteListener"/>
</testsuite> <!-- listeners.TestISuiteListener -->
