<?xml version="1.0" encoding="UTF-8"?>
<!-- Generated by org.testng.reporters.JUnitReportReporter -->
<testsuite hostname="LAPTOP-T8V1FV5L" name="testng_parallelexecutions.ParallelByTest" tests="5" failures="0" timestamp="20 Mar 2021 09:13:07 GMT" time="0.165" errors="0">
  <testcase name="test1" time="0.030" classname="testng_parallelexecutions.ParallelByTest"/>
  <testcase name="test1" time="0.030" classname="testng_parallelexecutions.ParallelByTest"/>
  <testcase name="test1" time="0.034" classname="testng_parallelexecutions.ParallelByTest"/>
  <testcase name="test1" time="0.035" classname="testng_parallelexecutions.ParallelByTest"/>
  <testcase name="test1" time="0.036" classname="testng_parallelexecutions.ParallelByTest"/>
</testsuite> <!-- testng_parallelexecutions.ParallelByTest -->
