<?xml version="1.0" encoding="UTF-8"?>
<!-- Generated by org.testng.reporters.JUnitReportReporter -->
<testsuite hostname="LAPTOP-T8V1FV5L" name="testng.DataProviderTag" tests="6" failures="0" timestamp="20 Mar 2021 05:59:02 GMT" time="0.052" errors="0">
  <testcase name="test1" time="0.029" classname="testng.DataProviderTag"/>
  <testcase name="test1" time="0.003" classname="testng.DataProviderTag"/>
  <testcase name="test2" time="0.007" classname="testng.DataProviderTag"/>
  <testcase name="test1" time="0.003" classname="testng.DataProviderTag"/>
  <testcase name="test2" time="0.003" classname="testng.DataProviderTag"/>
  <testcase name="test2" time="0.007" classname="testng.DataProviderTag"/>
</testsuite> <!-- testng.DataProviderTag -->
