<?xml version="1.0" encoding="UTF-8"?>
<!-- Generated by org.testng.reporters.JUnitReportReporter -->
<testsuite hostname="LAPTOP-T8V1FV5L" name="testng.NewTest" tests="3" failures="0" timestamp="20 Mar 2021 05:54:10 GMT" time="0.048" errors="0">
  <testcase name="f" time="0.016" classname="testng.NewTest"/>
  <testcase name="f" time="0.029" classname="testng.NewTest"/>
  <testcase name="f" time="0.003" classname="testng.NewTest"/>
</testsuite> <!-- testng.NewTest -->
