<?xml version="1.0" encoding="UTF-8"?>
<!-- Generated by org.testng.reporters.JUnitReportReporter -->
<testsuite hostname="LAPTOP-T8V1FV5L" name="testng.Enable" tests="2" failures="0" timestamp="20 Mar 2021 06:24:43 GMT" time="0.050" errors="0">
  <testcase name="test3" time="0.007" classname="testng.Enable"/>
  <testcase name="test2" time="0.043" classname="testng.Enable"/>
</testsuite> <!-- testng.Enable -->
