<?xml version="1.0" encoding="UTF-8"?>
<!-- Generated by org.testng.reporters.JUnitReportReporter -->
<testsuite hostname="LAPTOP-T8V1FV5L" name="testng.Priority" tests="3" failures="0" timestamp="20 Mar 2021 05:22:37 GMT" time="0.048" errors="0">
  <testcase name="testa" time="0.010" classname="testng.Priority"/>
  <testcase name="testb" time="0.010" classname="testng.Priority"/>
  <testcase name="testc" time="0.028" classname="testng.Priority"/>
</testsuite> <!-- testng.Priority -->
