<?xml version="1.0" encoding="UTF-8"?>
<!-- Generated by org.testng.reporters.JUnitReportReporter -->
<testsuite hostname="LAPTOP-T8V1FV5L" name="testng.ParametersTag" tests="1" failures="0" timestamp="20 Mar 2021 08:39:04 GMT" time="0.035" errors="0">
  <testcase name="test1" time="0.035" classname="testng.ParametersTag"/>
</testsuite> <!-- testng.ParametersTag -->
