<?xml version="1.0" encoding="UTF-8"?>
<!-- Generated by org.testng.reporters.JUnitReportReporter -->
<testsuite hostname="LAPTOP-T8V1FV5L" name="testng_parallelexecutions.ParallelTest2" tests="3" failures="0" timestamp="20 Mar 2021 09:03:45 GMT" time="0.063" errors="0">
  <testcase name="test23" time="0.009" classname="testng_parallelexecutions.ParallelTest2"/>
  <testcase name="test22" time="0.034" classname="testng_parallelexecutions.ParallelTest2"/>
  <testcase name="test21" time="0.020" classname="testng_parallelexecutions.ParallelTest2"/>
</testsuite> <!-- testng_parallelexecutions.ParallelTest2 -->
