<?xml version="1.0" encoding="UTF-8"?>
<!-- Generated by org.testng.reporters.JUnitReportReporter -->
<testsuite hostname="LAPTOP-T8V1FV5L" name="testng_parallelexecutions.ParallelTest1" tests="3" failures="0" timestamp="20 Mar 2021 09:03:45 GMT" time="0.064" errors="0">
  <testcase name="test11" time="0.017" classname="testng_parallelexecutions.ParallelTest1"/>
  <testcase name="test12" time="0.007" classname="testng_parallelexecutions.ParallelTest1"/>
  <testcase name="test13" time="0.040" classname="testng_parallelexecutions.ParallelTest1"/>
</testsuite> <!-- testng_parallelexecutions.ParallelTest1 -->
