<?xml version="1.0" encoding="UTF-8"?>
<!-- Generated by org.testng.reporters.JUnitReportReporter -->
<testsuite hostname="LAPTOP-T8V1FV5L" name="testng.BasicTags" tests="3" failures="0" timestamp="20 Mar 2021 05:18:48 GMT" time="0.045" errors="0">
  <testcase name="test3" time="0.008" classname="testng.BasicTags"/>
  <testcase name="test1" time="0.030" classname="testng.BasicTags"/>
  <testcase name="test2" time="0.007" classname="testng.BasicTags"/>
</testsuite> <!-- testng.BasicTags -->
